[2018-12-17 15:47:41] INFO [main: CodeCraft-2019.py, 21] car_path is config/car.txt
[2018-12-17 15:47:41] INFO [main: CodeCraft-2019.py, 22] road_path is config/road.txt
[2018-12-17 15:47:41] INFO [main: CodeCraft-2019.py, 23] cross_path is config/cross.txt
[2018-12-17 15:47:41] INFO [main: CodeCraft-2019.py, 24] answer_path is config/answer.txt[2019-03-25 11:28:46] INFO [main: CodeCraft-2019.py, 310] please input args: car_path, road_path, cross_path, answerPath
[2019-03-25 11:30:00] INFO [main: CodeCraft-2019.py, 311] please input args: car_path, road_path, cross_path, answerPath
[2019-03-25 11:31:37] INFO [main: CodeCraft-2019.py, 311] please input args: car_path, road_path, cross_path, answerPath
[2019-03-25 11:32:42] INFO [main: CodeCraft-2019.py, 311] please input args: car_path, road_path, cross_path, answerPath
[2019-03-25 11:32:54] INFO [main: CodeCraft-2019.py, 311] please input args: car_path, road_path, cross_path, answerPath
[2019-03-25 11:35:58] INFO [main: CodeCraft-2019.py, 311] please input args: car_path, road_path, cross_path, answerPath
[2019-03-25 11:40:15] INFO [main: CodeCraft-2019.py, 311] please input args: car_path, road_path, cross_path, answerPath
[2019-03-25 11:40:36] INFO [main: CodeCraft-2019.py, 324] car_path is config/car.txt
[2019-03-25 11:40:36] INFO [main: CodeCraft-2019.py, 325] road_path is config/cross.txt
[2019-03-25 11:40:36] INFO [main: CodeCraft-2019.py, 326] cross_path is config/road.txt
[2019-03-25 11:40:36] INFO [main: CodeCraft-2019.py, 327] answer_path is config/answer.txt
[2019-03-25 11:41:07] INFO [main: CodeCraft-2019.py, 324] car_path is config/car.txt
[2019-03-25 11:41:07] INFO [main: CodeCraft-2019.py, 325] road_path is config/road.txt
[2019-03-25 11:41:07] INFO [main: CodeCraft-2019.py, 326] cross_path is config/cross.txt
[2019-03-25 11:41:07] INFO [main: CodeCraft-2019.py, 327] answer_path is config/answer.txt
[2019-03-26 17:07:34] INFO [main: CodeCraft-2019.py, 248] car_path is config/car.txt
[2019-03-26 17:07:34] INFO [main: CodeCraft-2019.py, 249] road_path is config/road.txt
[2019-03-26 17:07:34] INFO [main: CodeCraft-2019.py, 250] cross_path is config/cross.txt
[2019-03-26 17:07:34] INFO [main: CodeCraft-2019.py, 251] answer_path is config/answer.txt
[2019-03-26 17:08:10] INFO [main: CodeCraft-2019.py, 248] car_path is config/car.txt
[2019-03-26 17:08:10] INFO [main: CodeCraft-2019.py, 249] road_path is config/road.txt
[2019-03-26 17:08:10] INFO [main: CodeCraft-2019.py, 250] cross_path is config/cross.txt
[2019-03-26 17:08:10] INFO [main: CodeCraft-2019.py, 251] answer_path is config/answer.txt
[2019-03-26 17:08:44] INFO [main: CodeCraft-2019.py, 248] car_path is config/car.txt
[2019-03-26 17:08:44] INFO [main: CodeCraft-2019.py, 249] road_path is config/road.txt
[2019-03-26 17:08:44] INFO [main: CodeCraft-2019.py, 250] cross_path is config/cross.txt
[2019-03-26 17:08:44] INFO [main: CodeCraft-2019.py, 251] answer_path is config/answer.txt
[2019-03-26 17:09:12] INFO [main: CodeCraft-2019.py, 248] car_path is config/car.txt
[2019-03-26 17:09:12] INFO [main: CodeCraft-2019.py, 249] road_path is config/road.txt
[2019-03-26 17:09:12] INFO [main: CodeCraft-2019.py, 250] cross_path is config/cross.txt
[2019-03-26 17:09:12] INFO [main: CodeCraft-2019.py, 251] answer_path is config/answer.txt
[2019-03-26 17:10:57] INFO [main: CodeCraft-2019.py, 248] car_path is config/car.txt
[2019-03-26 17:10:57] INFO [main: CodeCraft-2019.py, 249] road_path is config/road.txt
[2019-03-26 17:10:57] INFO [main: CodeCraft-2019.py, 250] cross_path is config/cross.txt
[2019-03-26 17:10:57] INFO [main: CodeCraft-2019.py, 251] answer_path is config/answer.txt
[2019-03-26 17:11:27] INFO [main: CodeCraft-2019.py, 248] car_path is config/car.txt
[2019-03-26 17:11:27] INFO [main: CodeCraft-2019.py, 249] road_path is config/road.txt
[2019-03-26 17:11:27] INFO [main: CodeCraft-2019.py, 250] cross_path is config/cross.txt
[2019-03-26 17:11:27] INFO [main: CodeCraft-2019.py, 251] answer_path is config/answer.txt
[2019-03-26 17:11:52] INFO [main: CodeCraft-2019.py, 248] car_path is config/car.txt
[2019-03-26 17:11:52] INFO [main: CodeCraft-2019.py, 249] road_path is config/road.txt
[2019-03-26 17:11:52] INFO [main: CodeCraft-2019.py, 250] cross_path is config/cross.txt
[2019-03-26 17:11:52] INFO [main: CodeCraft-2019.py, 251] answer_path is config/answer.txt
[2019-03-26 17:12:11] INFO [main: CodeCraft-2019.py, 248] car_path is config/car.txt
[2019-03-26 17:12:11] INFO [main: CodeCraft-2019.py, 249] road_path is config/road.txt
[2019-03-26 17:12:11] INFO [main: CodeCraft-2019.py, 250] cross_path is config/cross.txt
[2019-03-26 17:12:11] INFO [main: CodeCraft-2019.py, 251] answer_path is config/answer.txt
[2019-03-26 17:12:31] INFO [main: CodeCraft-2019.py, 248] car_path is config/car.txt
[2019-03-26 17:12:31] INFO [main: CodeCraft-2019.py, 249] road_path is config/road.txt
[2019-03-26 17:12:31] INFO [main: CodeCraft-2019.py, 250] cross_path is config/cross.txt
[2019-03-26 17:12:31] INFO [main: CodeCraft-2019.py, 251] answer_path is config/answer.txt
[2019-03-26 17:13:28] INFO [main: CodeCraft-2019.py, 248] car_path is config/car.txt
[2019-03-26 17:13:28] INFO [main: CodeCraft-2019.py, 249] road_path is config/road.txt
[2019-03-26 17:13:28] INFO [main: CodeCraft-2019.py, 250] cross_path is config/cross.txt
[2019-03-26 17:13:28] INFO [main: CodeCraft-2019.py, 251] answer_path is config/answer.txt
[2019-03-26 17:13:42] INFO [main: CodeCraft-2019.py, 248] car_path is config/car.txt
[2019-03-26 17:13:42] INFO [main: CodeCraft-2019.py, 249] road_path is config/road.txt
[2019-03-26 17:13:42] INFO [main: CodeCraft-2019.py, 250] cross_path is config/cross.txt
[2019-03-26 17:13:42] INFO [main: CodeCraft-2019.py, 251] answer_path is config/answer.txt
[2019-03-26 17:14:25] INFO [main: CodeCraft-2019.py, 248] car_path is config/car.txt
[2019-03-26 17:14:25] INFO [main: CodeCraft-2019.py, 249] road_path is config/road.txt
[2019-03-26 17:14:25] INFO [main: CodeCraft-2019.py, 250] cross_path is config/cross.txt
[2019-03-26 17:14:25] INFO [main: CodeCraft-2019.py, 251] answer_path is config/answer.txt
[2019-03-26 17:15:22] INFO [main: CodeCraft-2019.py, 248] car_path is config/car.txt
[2019-03-26 17:15:22] INFO [main: CodeCraft-2019.py, 249] road_path is config/road.txt
[2019-03-26 17:15:22] INFO [main: CodeCraft-2019.py, 250] cross_path is config/cross.txt
[2019-03-26 17:15:22] INFO [main: CodeCraft-2019.py, 251] answer_path is config/answer.txt
[2019-03-26 17:18:05] INFO [main: CodeCraft-2019.py, 248] car_path is config/car.txt
[2019-03-26 17:18:05] INFO [main: CodeCraft-2019.py, 249] road_path is config/road.txt
[2019-03-26 17:18:05] INFO [main: CodeCraft-2019.py, 250] cross_path is config/cross.txt
[2019-03-26 17:18:05] INFO [main: CodeCraft-2019.py, 251] answer_path is config/answer.txt
[2019-03-26 17:19:59] INFO [main: CodeCraft-2019.py, 248] car_path is config/car.txt
[2019-03-26 17:19:59] INFO [main: CodeCraft-2019.py, 249] road_path is config/road.txt
[2019-03-26 17:19:59] INFO [main: CodeCraft-2019.py, 250] cross_path is config/cross.txt
[2019-03-26 17:19:59] INFO [main: CodeCraft-2019.py, 251] answer_path is config/answer.txt
[2019-03-26 17:20:15] INFO [main: CodeCraft-2019.py, 248] car_path is config/car.txt
[2019-03-26 17:20:15] INFO [main: CodeCraft-2019.py, 249] road_path is config/road.txt
[2019-03-26 17:20:15] INFO [main: CodeCraft-2019.py, 250] cross_path is config/cross.txt
[2019-03-26 17:20:15] INFO [main: CodeCraft-2019.py, 251] answer_path is config/answer.txt
[2019-03-26 17:20:51] INFO [main: CodeCraft-2019.py, 248] car_path is config/car.txt
[2019-03-26 17:20:51] INFO [main: CodeCraft-2019.py, 249] road_path is config/road.txt
[2019-03-26 17:20:51] INFO [main: CodeCraft-2019.py, 250] cross_path is config/cross.txt
[2019-03-26 17:20:51] INFO [main: CodeCraft-2019.py, 251] answer_path is config/answer.txt
[2019-03-26 17:22:09] INFO [main: CodeCraft-2019.py, 248] car_path is config/car.txt
[2019-03-26 17:22:09] INFO [main: CodeCraft-2019.py, 249] road_path is config/road.txt
[2019-03-26 17:22:09] INFO [main: CodeCraft-2019.py, 250] cross_path is config/cross.txt
[2019-03-26 17:22:09] INFO [main: CodeCraft-2019.py, 251] answer_path is config/answer.txt
[2019-03-26 17:22:20] INFO [main: CodeCraft-2019.py, 248] car_path is config/car.txt
[2019-03-26 17:22:20] INFO [main: CodeCraft-2019.py, 249] road_path is config/road.txt
[2019-03-26 17:22:20] INFO [main: CodeCraft-2019.py, 250] cross_path is config/cross.txt
[2019-03-26 17:22:20] INFO [main: CodeCraft-2019.py, 251] answer_path is config/answer.txt
[2019-03-26 17:22:22] INFO [main: CodeCraft-2019.py, 248] car_path is config/car.txt
[2019-03-26 17:22:22] INFO [main: CodeCraft-2019.py, 249] road_path is config/road.txt
[2019-03-26 17:22:22] INFO [main: CodeCraft-2019.py, 250] cross_path is config/cross.txt
[2019-03-26 17:22:22] INFO [main: CodeCraft-2019.py, 251] answer_path is config/answer.txt
[2019-03-26 17:26:16] INFO [main: CodeCraft-2019.py, 248] car_path is config/car.txt
[2019-03-26 17:26:16] INFO [main: CodeCraft-2019.py, 249] road_path is config/road.txt
[2019-03-26 17:26:16] INFO [main: CodeCraft-2019.py, 250] cross_path is config/cross.txt
[2019-03-26 17:26:16] INFO [main: CodeCraft-2019.py, 251] answer_path is config/answer.txt
[2019-03-26 18:40:01] INFO [main: CodeCraft-2019.py, 248] car_path is config/car.txt
[2019-03-26 18:40:01] INFO [main: CodeCraft-2019.py, 249] road_path is config/road.txt
[2019-03-26 18:40:01] INFO [main: CodeCraft-2019.py, 250] cross_path is config/cross.txt
[2019-03-26 18:40:01] INFO [main: CodeCraft-2019.py, 251] answer_path is config/answer.txt
[2019-03-26 19:08:36] INFO [main: CodeCraft-2019.py, 249] car_path is config/car.txt
[2019-03-26 19:08:36] INFO [main: CodeCraft-2019.py, 250] road_path is config/road.txt
[2019-03-26 19:08:36] INFO [main: CodeCraft-2019.py, 251] cross_path is config/cross.txt
[2019-03-26 19:08:36] INFO [main: CodeCraft-2019.py, 252] answer_path is config/answer1.txt
[2019-03-26 19:09:27] INFO [main: CodeCraft-2019.py, 249] car_path is config/car.txt
[2019-03-26 19:09:27] INFO [main: CodeCraft-2019.py, 250] road_path is config/road.txt
[2019-03-26 19:09:27] INFO [main: CodeCraft-2019.py, 251] cross_path is config/cross.txt
[2019-03-26 19:09:27] INFO [main: CodeCraft-2019.py, 252] answer_path is config/answer1.txt
[2019-03-26 19:10:00] INFO [main: CodeCraft-2019.py, 249] car_path is config/car.txt
[2019-03-26 19:10:00] INFO [main: CodeCraft-2019.py, 250] road_path is config/road.txt
[2019-03-26 19:10:00] INFO [main: CodeCraft-2019.py, 251] cross_path is config/cross.txt
[2019-03-26 19:10:00] INFO [main: CodeCraft-2019.py, 252] answer_path is config/answer1.txt
[2019-03-26 19:10:56] INFO [main: CodeCraft-2019.py, 249] car_path is config/car.txt
[2019-03-26 19:10:56] INFO [main: CodeCraft-2019.py, 250] road_path is config/road.txt
[2019-03-26 19:10:56] INFO [main: CodeCraft-2019.py, 251] cross_path is config/cross.txt
[2019-03-26 19:10:56] INFO [main: CodeCraft-2019.py, 252] answer_path is config/answer1.txt
[2019-03-26 19:11:03] INFO [main: CodeCraft-2019.py, 249] car_path is config/car.txt
[2019-03-26 19:11:03] INFO [main: CodeCraft-2019.py, 250] road_path is config/road.txt
[2019-03-26 19:11:03] INFO [main: CodeCraft-2019.py, 251] cross_path is config/cross.txt
[2019-03-26 19:11:03] INFO [main: CodeCraft-2019.py, 252] answer_path is config/answer1.txt
[2019-03-26 19:11:35] INFO [main: CodeCraft-2019.py, 249] car_path is config/car.txt
[2019-03-26 19:11:35] INFO [main: CodeCraft-2019.py, 250] road_path is config/road.txt
[2019-03-26 19:11:35] INFO [main: CodeCraft-2019.py, 251] cross_path is config/cross.txt
[2019-03-26 19:11:35] INFO [main: CodeCraft-2019.py, 252] answer_path is config/answer1.txt
[2019-03-26 19:11:41] INFO [main: CodeCraft-2019.py, 249] car_path is config/car.txt
[2019-03-26 19:11:41] INFO [main: CodeCraft-2019.py, 250] road_path is config/road.txt
[2019-03-26 19:11:41] INFO [main: CodeCraft-2019.py, 251] cross_path is config/cross.txt
[2019-03-26 19:11:41] INFO [main: CodeCraft-2019.py, 252] answer_path is config/answer1.txt
[2019-03-26 19:12:15] INFO [main: CodeCraft-2019.py, 249] car_path is config/car.txt
[2019-03-26 19:12:15] INFO [main: CodeCraft-2019.py, 250] road_path is config/road.txt
[2019-03-26 19:12:15] INFO [main: CodeCraft-2019.py, 251] cross_path is config/cross.txt
[2019-03-26 19:12:15] INFO [main: CodeCraft-2019.py, 252] answer_path is config/answer1.txt
[2019-03-26 19:12:56] INFO [main: CodeCraft-2019.py, 249] car_path is config/car.txt
[2019-03-26 19:12:56] INFO [main: CodeCraft-2019.py, 250] road_path is config/road.txt
[2019-03-26 19:12:56] INFO [main: CodeCraft-2019.py, 251] cross_path is config/cross.txt
[2019-03-26 19:12:56] INFO [main: CodeCraft-2019.py, 252] answer_path is config/answer1.txt
[2019-03-26 19:13:03] INFO [main: CodeCraft-2019.py, 249] car_path is config/car.txt
[2019-03-26 19:13:03] INFO [main: CodeCraft-2019.py, 250] road_path is config/road.txt
[2019-03-26 19:13:03] INFO [main: CodeCraft-2019.py, 251] cross_path is config/cross.txt
[2019-03-26 19:13:03] INFO [main: CodeCraft-2019.py, 252] answer_path is config/answer1.txt
[2019-03-26 19:13:33] INFO [main: CodeCraft-2019.py, 249] car_path is config/car.txt
[2019-03-26 19:13:33] INFO [main: CodeCraft-2019.py, 250] road_path is config/road.txt
[2019-03-26 19:13:33] INFO [main: CodeCraft-2019.py, 251] cross_path is config/cross.txt
[2019-03-26 19:13:33] INFO [main: CodeCraft-2019.py, 252] answer_path is config/answer1.txt
[2019-03-26 19:15:32] INFO [main: CodeCraft-2019.py, 249] car_path is config/car.txt
[2019-03-26 19:15:32] INFO [main: CodeCraft-2019.py, 250] road_path is config/road.txt
[2019-03-26 19:15:32] INFO [main: CodeCraft-2019.py, 251] cross_path is config/cross.txt
[2019-03-26 19:15:32] INFO [main: CodeCraft-2019.py, 252] answer_path is config/answer1.txt
[2019-03-26 19:15:45] INFO [main: CodeCraft-2019.py, 249] car_path is config/car.txt
[2019-03-26 19:15:45] INFO [main: CodeCraft-2019.py, 250] road_path is config/road.txt
[2019-03-26 19:15:45] INFO [main: CodeCraft-2019.py, 251] cross_path is config/cross.txt
[2019-03-26 19:15:45] INFO [main: CodeCraft-2019.py, 252] answer_path is config/answer1.txt
[2019-03-26 19:16:00] INFO [main: CodeCraft-2019.py, 249] car_path is config/car.txt
[2019-03-26 19:16:00] INFO [main: CodeCraft-2019.py, 250] road_path is config/road.txt
[2019-03-26 19:16:00] INFO [main: CodeCraft-2019.py, 251] cross_path is config/cross.txt
[2019-03-26 19:16:00] INFO [main: CodeCraft-2019.py, 252] answer_path is config/answer1.txt
[2019-03-26 19:18:11] INFO [main: CodeCraft-2019.py, 249] car_path is config/car.txt
[2019-03-26 19:18:11] INFO [main: CodeCraft-2019.py, 250] road_path is config/road.txt
[2019-03-26 19:18:11] INFO [main: CodeCraft-2019.py, 251] cross_path is config/cross.txt
[2019-03-26 19:18:11] INFO [main: CodeCraft-2019.py, 252] answer_path is config/answer.txt
